<?xml version="1.0" encoding="UTF-8" standalone="yes"?>
<testsuites time="0.037" tests="1" failures="0" errors="0">
    <testsuite name="GraphWalker" tests="1" failures="0" errors="0" time="0.037" timestamp="2017-10-22T20:01:05">
        <properties>
            <property name="awt.toolkit" value="sun.lwawt.macosx.LWCToolkit"/>
            <property name="file.encoding" value="UTF-8"/>
            <property name="file.encoding.pkg" value="sun.io"/>
            <property name="file.separator" value="/"/>
            <property name="gopherProxySet" value="false"/>
            <property name="java.awt.graphicsenv" value="sun.awt.CGraphicsEnvironment"/>
            <property name="java.awt.printerjob" value="sun.lwawt.macosx.CPrinterJob"/>
            <property name="java.class.path" value="/Users/hamma/gw4e/gw4e.samples/Distributor/classes:/Applications/Eclipse.app/Contents/Eclipse/plugins/org.junit_4.12.0.v201504281640/junit.jar:/Applications/Eclipse.app/Contents/Eclipse/plugins/org.hamcrest.core_1.3.0.v201303031735.jar:/Users/hamma/.m2/repository/org/graphwalker/graphwalker-cli/4.0.0-SNAPSHOT/graphwalker-cli-4.0.0-SNAPSHOT.jar:/Applications/Eclipse.app/Contents/Eclipse/../../../../Users/hamma/gw4e/gw4e-project/bundles/gw4e-eclipse-plugin/:file:/Applications/Eclipse.app/Contents/Eclipse/../../../../Users/hamma/gw4e/gw4e-project/bundles/gw4e-eclipse-plugin/bin/"/>
            <property name="java.class.version" value="52.0"/>
            <property name="java.endorsed.dirs" value="/Library/Java/JavaVirtualMachines/jdk1.8.0_131.jdk/Contents/Home/jre/lib/endorsed"/>
            <property name="java.ext.dirs" value="/Users/hamma/Library/Java/Extensions:/Library/Java/JavaVirtualMachines/jdk1.8.0_131.jdk/Contents/Home/jre/lib/ext:/Library/Java/Extensions:/Network/Library/Java/Extensions:/System/Library/Java/Extensions:/usr/lib/java"/>
            <property name="java.home" value="/Library/Java/JavaVirtualMachines/jdk1.8.0_131.jdk/Contents/Home/jre"/>
            <property name="java.io.tmpdir" value="/var/folders/dm/30jd6y1j0h97blj2zfwgtfg40000gn/T/"/>
            <property name="java.library.path" value="/Users/hamma/Library/Java/Extensions:/Library/Java/Extensions:/Network/Library/Java/Extensions:/System/Library/Java/Extensions:/usr/lib/java:."/>
            <property name="java.runtime.name" value="Java(TM) SE Runtime Environment"/>
            <property name="java.runtime.version" value="1.8.0_131-b11"/>
            <property name="java.specification.name" value="Java Platform API Specification"/>
            <property name="java.specification.vendor" value="Oracle Corporation"/>
            <property name="java.specification.version" value="1.8"/>
            <property name="java.vendor" value="Oracle Corporation"/>
            <property name="java.vendor.url" value="http://java.oracle.com/"/>
            <property name="java.vendor.url.bug" value="http://bugreport.sun.com/bugreport/"/>
            <property name="java.version" value="1.8.0_131"/>
            <property name="java.vm.info" value="mixed mode"/>
            <property name="java.vm.name" value="Java HotSpot(TM) 64-Bit Server VM"/>
            <property name="java.vm.specification.name" value="Java Virtual Machine Specification"/>
            <property name="java.vm.specification.vendor" value="Oracle Corporation"/>
            <property name="java.vm.specification.version" value="1.8"/>
            <property name="java.vm.vendor" value="Oracle Corporation"/>
            <property name="java.vm.version" value="25.131-b11"/>
            <property name="line.separator" value="&#xA;"/>
            <property name="os.arch" value="x86_64"/>
            <property name="os.name" value="Mac OS X"/>
            <property name="os.version" value="10.12.6"/>
            <property name="path.separator" value=":"/>
            <property name="sun.arch.data.model" value="64"/>
            <property name="sun.boot.class.path" value="/Library/Java/JavaVirtualMachines/jdk1.8.0_131.jdk/Contents/Home/jre/lib/resources.jar:/Library/Java/JavaVirtualMachines/jdk1.8.0_131.jdk/Contents/Home/jre/lib/rt.jar:/Library/Java/JavaVirtualMachines/jdk1.8.0_131.jdk/Contents/Home/jre/lib/sunrsasign.jar:/Library/Java/JavaVirtualMachines/jdk1.8.0_131.jdk/Contents/Home/jre/lib/jsse.jar:/Library/Java/JavaVirtualMachines/jdk1.8.0_131.jdk/Contents/Home/jre/lib/jce.jar:/Library/Java/JavaVirtualMachines/jdk1.8.0_131.jdk/Contents/Home/jre/lib/charsets.jar:/Library/Java/JavaVirtualMachines/jdk1.8.0_131.jdk/Contents/Home/jre/lib/jfr.jar:/Library/Java/JavaVirtualMachines/jdk1.8.0_131.jdk/Contents/Home/jre/classes"/>
            <property name="sun.boot.library.path" value="/Library/Java/JavaVirtualMachines/jdk1.8.0_131.jdk/Contents/Home/jre/lib"/>
            <property name="sun.cpu.endian" value="little"/>
            <property name="sun.cpu.isalist" value=""/>
            <property name="sun.io.unicode.encoding" value="UnicodeBig"/>
            <property name="sun.java.command" value="org.gw4e.eclipse.launching.test.Launcher /var/folders/dm/30jd6y1j0h97blj2zfwgtfg40000gn/T/968574275439761936.gwcp /var/folders/dm/30jd6y1j0h97blj2zfwgtfg40000gn/T/1030401378931567579.gwtest . true true -port 49724"/>
            <property name="sun.java.launcher" value="SUN_STANDARD"/>
            <property name="sun.jnu.encoding" value="UTF-8"/>
            <property name="sun.management.compiler" value="HotSpot 64-Bit Tiered Compilers"/>
            <property name="sun.os.patch.level" value="unknown"/>
            <property name="user.country" value="US"/>
            <property name="user.dir" value="/Users/hamma/gw4e/gw4e.samples/Distributor"/>
            <property name="user.home" value="/Users/hamma"/>
            <property name="user.language" value="en"/>
            <property name="user.name" value="hamma"/>
            <property name="user.timezone" value="Europe/Paris"/>
        </properties>
        <testcase name="DrinkDispenserImpl" time="0.037" classname="com.company.DrinkDispenserImpl"/>
    </testsuite>
</testsuites>
