<?xml version="1.0" encoding="UTF-8" standalone="yes"?>
<testsuites time="0.035" tests="1" failures="0" errors="1">
    <testsuite name="GraphWalker" tests="1" failures="0" errors="1" time="0.035" timestamp="2017-10-22T02:38:36">
        <properties>
            <property name="awt.toolkit" value="sun.lwawt.macosx.LWCToolkit"/>
            <property name="file.encoding" value="UTF-8"/>
            <property name="file.encoding.pkg" value="sun.io"/>
            <property name="file.separator" value="/"/>
            <property name="gopherProxySet" value="false"/>
            <property name="java.awt.graphicsenv" value="sun.awt.CGraphicsEnvironment"/>
            <property name="java.awt.printerjob" value="sun.lwawt.macosx.CPrinterJob"/>
            <property name="java.class.path" value="/Users/hamma/gw4e/gw4e.samples/Distributor/classes:/Applications/Eclipse.app/Contents/Eclipse/plugins/org.junit_4.12.0.v201504281640/junit.jar:/Applications/Eclipse.app/Contents/Eclipse/plugins/org.hamcrest.core_1.3.0.v201303031735.jar:/Users/hamma/.m2/repository/org/graphwalker/graphwalker-cli/4.0.0-SNAPSHOT/graphwalker-cli-4.0.0-SNAPSHOT.jar:/Applications/Eclipse.app/Contents/Eclipse/../../../../Users/hamma/gw4e/gw4e-project/bundles/gw4e-eclipse-plugin/:file:/Applications/Eclipse.app/Contents/Eclipse/../../../../Users/hamma/gw4e/gw4e-project/bundles/gw4e-eclipse-plugin/bin/"/>
            <property name="java.class.version" value="52.0"/>
            <property name="java.endorsed.dirs" value="/Library/Java/JavaVirtualMachines/jdk1.8.0_131.jdk/Contents/Home/jre/lib/endorsed"/>
            <property name="java.ext.dirs" value="/Users/hamma/Library/Java/Extensions:/Library/Java/JavaVirtualMachines/jdk1.8.0_131.jdk/Contents/Home/jre/lib/ext:/Library/Java/Extensions:/Network/Library/Java/Extensions:/System/Library/Java/Extensions:/usr/lib/java"/>
            <property name="java.home" value="/Library/Java/JavaVirtualMachines/jdk1.8.0_131.jdk/Contents/Home/jre"/>
            <property name="java.io.tmpdir" value="/var/folders/dm/30jd6y1j0h97blj2zfwgtfg40000gn/T/"/>
            <property name="java.library.path" value="/Users/hamma/Library/Java/Extensions:/Library/Java/Extensions:/Network/Library/Java/Extensions:/System/Library/Java/Extensions:/usr/lib/java:."/>
            <property name="java.runtime.name" value="Java(TM) SE Runtime Environment"/>
            <property name="java.runtime.version" value="1.8.0_131-b11"/>
            <property name="java.specification.name" value="Java Platform API Specification"/>
            <property name="java.specification.vendor" value="Oracle Corporation"/>
            <property name="java.specification.version" value="1.8"/>
            <property name="java.vendor" value="Oracle Corporation"/>
            <property name="java.vendor.url" value="http://java.oracle.com/"/>
            <property name="java.vendor.url.bug" value="http://bugreport.sun.com/bugreport/"/>
            <property name="java.version" value="1.8.0_131"/>
            <property name="java.vm.info" value="mixed mode"/>
            <property name="java.vm.name" value="Java HotSpot(TM) 64-Bit Server VM"/>
            <property name="java.vm.specification.name" value="Java Virtual Machine Specification"/>
            <property name="java.vm.specification.vendor" value="Oracle Corporation"/>
            <property name="java.vm.specification.version" value="1.8"/>
            <property name="java.vm.vendor" value="Oracle Corporation"/>
            <property name="java.vm.version" value="25.131-b11"/>
            <property name="line.separator" value="&#xA;"/>
            <property name="os.arch" value="x86_64"/>
            <property name="os.name" value="Mac OS X"/>
            <property name="os.version" value="10.12.6"/>
            <property name="path.separator" value=":"/>
            <property name="sun.arch.data.model" value="64"/>
            <property name="sun.boot.class.path" value="/Library/Java/JavaVirtualMachines/jdk1.8.0_131.jdk/Contents/Home/jre/lib/resources.jar:/Library/Java/JavaVirtualMachines/jdk1.8.0_131.jdk/Contents/Home/jre/lib/rt.jar:/Library/Java/JavaVirtualMachines/jdk1.8.0_131.jdk/Contents/Home/jre/lib/sunrsasign.jar:/Library/Java/JavaVirtualMachines/jdk1.8.0_131.jdk/Contents/Home/jre/lib/jsse.jar:/Library/Java/JavaVirtualMachines/jdk1.8.0_131.jdk/Contents/Home/jre/lib/jce.jar:/Library/Java/JavaVirtualMachines/jdk1.8.0_131.jdk/Contents/Home/jre/lib/charsets.jar:/Library/Java/JavaVirtualMachines/jdk1.8.0_131.jdk/Contents/Home/jre/lib/jfr.jar:/Library/Java/JavaVirtualMachines/jdk1.8.0_131.jdk/Contents/Home/jre/classes"/>
            <property name="sun.boot.library.path" value="/Library/Java/JavaVirtualMachines/jdk1.8.0_131.jdk/Contents/Home/jre/lib"/>
            <property name="sun.cpu.endian" value="little"/>
            <property name="sun.cpu.isalist" value=""/>
            <property name="sun.io.unicode.encoding" value="UnicodeBig"/>
            <property name="sun.java.command" value="org.gw4e.eclipse.launching.test.Launcher /var/folders/dm/30jd6y1j0h97blj2zfwgtfg40000gn/T/3468176885577186706.gwcp /var/folders/dm/30jd6y1j0h97blj2zfwgtfg40000gn/T/8188650277239524174.gwtest . true true -port 55836"/>
            <property name="sun.java.launcher" value="SUN_STANDARD"/>
            <property name="sun.jnu.encoding" value="UTF-8"/>
            <property name="sun.management.compiler" value="HotSpot 64-Bit Tiered Compilers"/>
            <property name="sun.os.patch.level" value="unknown"/>
            <property name="user.country" value="US"/>
            <property name="user.dir" value="/Users/hamma/gw4e/gw4e.samples/Distributor"/>
            <property name="user.home" value="/Users/hamma"/>
            <property name="user.language" value="en"/>
            <property name="user.name" value="hamma"/>
            <property name="user.timezone" value="Europe/Paris"/>
        </properties>
        <testcase name="DrinkDispenserImpl" time="0.035" classname="com.company.DrinkDispenserImpl">
            <error type="org.graphwalker.core.machine.MachineException" message="javax.script.ScriptException: ReferenceError: &quot;dispenser&quot; is not defined in &lt;eval&gt; at line number 1">
                org.graphwalker.core.machine.MachineException: javax.script.ScriptException: ReferenceError: "dispenser" is not defined in &lt;eval&gt; at line number 1
                	at org.graphwalker.core.machine.ExecutionContext.isAvailable(ExecutionContext.java:280)
                	at org.graphwalker.core.machine.ExecutionContext.filter(ExecutionContext.java:262)
                	at org.graphwalker.core.generator.RandomPath.getNextStep(RandomPath.java:62)
                	at org.graphwalker.core.machine.SimpleMachine.getNextStep(SimpleMachine.java:129)
                	at org.graphwalker.core.machine.SimpleMachine.takeNextStep(SimpleMachine.java:188)
                	at org.graphwalker.core.machine.SimpleMachine.walk(SimpleMachine.java:139)
                	at org.graphwalker.core.machine.SimpleMachine.getNextStep(SimpleMachine.java:101)
                	at org.graphwalker.java.test.TestExecutor.execute(TestExecutor.java:219)
                	at org.graphwalker.java.test.TestExecutor.execute(TestExecutor.java:210)
                	at org.gw4e.eclipse.facade.GraphWalkerFacade$GW4EExecutor.execute(GraphWalkerFacade.java:1103)
                	at org.gw4e.eclipse.launching.test.Launcher.main(Launcher.java:61)
                Caused by: javax.script.ScriptException: ReferenceError: "dispenser" is not defined in &lt;eval&gt; at line number 1
                	at jdk.nashorn.api.scripting.NashornScriptEngine.throwAsScriptException(NashornScriptEngine.java:470)
                	at jdk.nashorn.api.scripting.NashornScriptEngine.evalImpl(NashornScriptEngine.java:454)
                	at jdk.nashorn.api.scripting.NashornScriptEngine.evalImpl(NashornScriptEngine.java:406)
                	at jdk.nashorn.api.scripting.NashornScriptEngine.evalImpl(NashornScriptEngine.java:402)
                	at jdk.nashorn.api.scripting.NashornScriptEngine.eval(NashornScriptEngine.java:155)
                	at javax.script.AbstractScriptEngine.eval(AbstractScriptEngine.java:264)
                	at org.graphwalker.core.machine.ExecutionContext.isAvailable(ExecutionContext.java:277)
                	... 10 more
                Caused by: &lt;eval&gt;:1 ReferenceError: "dispenser" is not defined
                	at jdk.nashorn.internal.runtime.ECMAErrors.error(ECMAErrors.java:57)
                	at jdk.nashorn.internal.runtime.ECMAErrors.referenceError(ECMAErrors.java:319)
                	at jdk.nashorn.internal.runtime.ECMAErrors.referenceError(ECMAErrors.java:291)
                	at jdk.nashorn.internal.objects.Global.__noSuchProperty__(Global.java:1441)
                	at jdk.nashorn.internal.scripts.Script$8$\^eval\_.:program(&lt;eval&gt;:1)
                	at jdk.nashorn.internal.runtime.ScriptFunctionData.invoke(ScriptFunctionData.java:637)
                	at jdk.nashorn.internal.runtime.ScriptFunction.invoke(ScriptFunction.java:494)
                	at jdk.nashorn.internal.runtime.ScriptRuntime.apply(ScriptRuntime.java:393)
                	at jdk.nashorn.api.scripting.NashornScriptEngine.evalImpl(NashornScriptEngine.java:449)
                	... 15 more
</error>
        </testcase>
    </testsuite>
</testsuites>
